  stdafx.cpp
  imgui.cpp
  imgui_draw.cpp
  RevMath.cpp
  RevAnimation.cpp
  RevArchive.cpp
  RevEngineFunctions.cpp
D:\Code\RevEngine\RevEngine\RevelationsEngine\RevEngineFunctions.cpp(306): warning C4244: 'initializing': conversion from 'float' to 'UINT', possible loss of data
  RevLightManager.cpp
  RevRendererScene.cpp
  RevWorldLoader.cpp
  RevConsole.cpp
  RevEngineEditorMain.cpp
  MicrosoftDDSLoader.cpp
  RevCamera.cpp
  RevelationsEngine.cpp
  RevEngineMain.cpp
  RevFrameResource.cpp
  RevInstance.cpp
  RevMapLoader.cpp
  RevModel.cpp
  RevModelLoader.cpp
  Generating Code...
  Compiling...
  RevModelManager.cpp
  RevRenderManager.cpp
  RevShaderManager.cpp
  RevTypes.cpp
  RevUIManager.cpp
  RevUtils.cpp
  RevWorld.cpp
  Generating Code...
  RevelationsEngine.vcxproj -> D:\Code\RevEngine\RevEngine\RevelationsEngine\..\Bin\RevelationsEngine.exe
